#
# A fatal error has been detected by the Java Runtime Environment:
#
#  SIGILL (0x4) at pc=0x00007fe0fd217b72, pid=5742, tid=0x00007fe185a7f700
#
# JRE version: Java(TM) SE Runtime Environment (8.0_144-b01) (build 1.8.0_144-b01)
# Java VM: Java HotSpot(TM) 64-Bit Server VM (25.144-b01 mixed mode linux-amd64 compressed oops)
# Problematic frame:
# C  [libjavascriptcoregtk-4.0.so.18+0xd41b72]  WTFCrash+0x22
#
# Failed to write core dump. Core dumps have been disabled. To enable core dumping, try "ulimit -c unlimited" before starting Java again
#
# If you would like to submit a bug report, please visit:
#   http://bugreport.java.com/bugreport/crash.jsp
#

---------------  T H R E A D  ---------------

Current thread (0x00007fe1a4140000):  VMThread [stack: 0x00007fe18597f000,0x00007fe185a80000] [id=5749]

siginfo: si_signo: 4 (SIGILL), si_code: 2 (ILL_ILLOPN), si_addr: 0x00007fe0fd217b72

Registers:
RAX=0x00000000bbadbeef, RBX=0x00007fe0f2deb000, RCX=0x00007fe1abf752dd, RDX=0x0000000000000000
RSP=0x00007fe185a7e940, RBP=0x00007fe0b2bfe000, RSI=0x0000000000000000, RDI=0x00007fe185a7e7b0
R8 =0x00007fe178002e00, R9 =0x0000000000000001, R10=0x000000000000003c, R11=0x0000000000000000
R12=0x00007fe0f2dfb780, R13=0x00007fe0f2dfb280, R14=0x00007fe0f2dfb700, R15=0x0000000000000000
RIP=0x00007fe0fd217b72, EFLAGS=0x0000000000010206, CSGSFS=0x002b000000000033, ERR=0x0000000000000000
  TRAPNO=0x0000000000000006

Top of Stack: (sp=0x00007fe185a7e940)
0x00007fe185a7e940:   000000000000005b 00007fe0fdcfe2b1
0x00007fe185a7e950:   0000000000000000 0000007c00000077
0x00007fe185a7e960:   0000000000000000 00007fe1a49d9e80
0x00007fe185a7e970:   00007fe1a49da010 00007fe1a634b790
0x00007fe185a7e980:   00007fe1a634b7a0 6c2ad4ae708f8e00
0x00007fe185a7e990:   00007fe1a49da0e0 00007fe0f2dfb240
0x00007fe185a7e9a0:   00007fe0b2bfe000 00007fe0f2dfb780
0x00007fe185a7e9b0:   00007fe0f2dfb280 00007fe0f2dfb700
0x00007fe185a7e9c0:   0000000000000000 00007fe0fdd42bf9
0x00007fe185a7e9d0:   00007fe1a404f458 00007fe0b2bfe020
0x00007fe185a7e9e0:   00007fe1a634b7a0 00007fe0b2bfe000
0x00007fe185a7e9f0:   00007fe1a49da010 00007fe0f2dfb780
0x00007fe185a7ea00:   00007fe1a49da0e0 00007fe0f2dfb700
0x00007fe185a7ea10:   0000000000000000 00007fe0fdd42c79
0x00007fe185a7ea20:   00007fe0f2dfb780 00007fe0fdeff826
0x00007fe185a7ea30:   00007fe1a404f458 00007fe1a49da0e8
0x00007fe185a7ea40:   0000000000000001 00007fe1a49da0f0
0x00007fe185a7ea50:   00007fe1a49da0e0 00000000000003d8
0x00007fe185a7ea60:   00007fe1a404f458 00007fe15fa39d9a
0x00007fe185a7ea70:   00007fe1a404f458 000000000000008f
0x00007fe185a7ea80:   00007fe1ac2425f8 0000000000000001
0x00007fe185a7ea90:   00007fe1a42cfe80 00007fe1abeb7ff8
0x00007fe185a7eaa0:   00007fe1049ca3d0 000000000000008f
0x00007fe185a7eab0:   00007fe185a7eaf0 00007fe1a413f790
0x00007fe185a7eac0:   00007fe1a404f070 00007fe1abeb8045
0x00007fe185a7ead0:   00007fe185a7eaf0 00007fe1ab517987
0x00007fe185a7eae0:   00007fe1abe39f68 00007fe1049ca3d0
0x00007fe185a7eaf0:   00007fe185a7eb40 00007fe1ab95b685
0x00007fe185a7eb00:   00007fe185a7eb20 00007fe1a404f080
0x00007fe185a7eb10:   00000000000212f2 0000000000000000
0x00007fe185a7eb20:   00007fe1049ca3d0 00007fe1a413f790
0x00007fe185a7eb30:   00007fe1a404f070 00007fe1abe06738 

Instructions: (pc=0x00007fe0fd217b72)
0x00007fe0fd217b52:   ec 08 48 8b 05 cd 1c 28 00 48 85 c0 74 02 ff d0
0x00007fe0fd217b62:   e8 49 ff ff ff b8 ef be ad bb c7 00 00 00 00 00
0x00007fe0fd217b72:   0f 0b 66 90 66 2e 0f 1f 84 00 00 00 00 00 48 83
0x00007fe0fd217b82:   ec 08 e8 c7 ff ff ff 0f 1f 80 00 00 00 00 48 8d 

Register to memory mapping:

RAX=